<?xml version="1.0" encoding="UTF-8"?>
<!-- Generated by org.testng.reporters.JUnitXMLReporter -->
<testsuite ignored="0" hostname="DESKTOP-TR64S2N" failures="0" tests="3" name="API1Jokes" time="5.152" errors="0" timestamp="15 Feb 2024 10:37:11 GMT">
  <testcase classname="StepDefination.API_Test" name="InvalidJoke" time="2.436"/>
  <testcase classname="StepDefination.API_Test" name="JokeById" time="2.255"/>
  <testcase classname="StepDefination.API_Test" name="JokeById2" time="0.443"/>
</testsuite> <!-- API1Jokes -->
